app/build/intermediates/manifest_merge_blame_file/debug/manifest-merger-blame-debug-report.txt
1<?xml version="1.0" encoding="utf-8"?>
2<manifest xmlns:android="http://schemas.android.com/apk/res/android"
3    package="com.pupulputulapps.oriyanewspaper"
4    android:versionCode="8000000"
5    android:versionName="8.0.0" >
6
7    <uses-sdk
8        android:minSdkVersion="19"
8-->src/main/AndroidManifest.xml
9        android:targetSdkVersion="29" />
9-->src/main/AndroidManifest.xml
10
11    <uses-permission android:name="android.permission.INTERNET" />
11-->src/main/AndroidManifest.xml:6:5-67
11-->src/main/AndroidManifest.xml:6:22-64
12    <uses-permission android:name="android.permission.ACCESS_NETWORK_STATE" /> <!-- To store the heap dumps and leak analysis results. -->
12-->[com.facebook.android:audience-network-sdk:5.6.1] AndroidManifest.xml:12:5-79
12-->[com.facebook.android:audience-network-sdk:5.6.1] AndroidManifest.xml:12:22-76
13    <uses-permission android:name="android.permission.READ_EXTERNAL_STORAGE" />
13-->[com.squareup.leakcanary:leakcanary-android-core:2.2] AndroidManifest.xml:23:5-80
13-->[com.squareup.leakcanary:leakcanary-android-core:2.2] AndroidManifest.xml:23:22-77
14    <uses-permission android:name="android.permission.WRITE_EXTERNAL_STORAGE" /> <!-- To allow starting foreground services on Android P+ - https://developer.android.com/preview/behavior-changes#fg-svc -->
14-->[com.squareup.leakcanary:leakcanary-android-core:2.2] AndroidManifest.xml:24:5-81
14-->[com.squareup.leakcanary:leakcanary-android-core:2.2] AndroidManifest.xml:24:22-78
15    <uses-permission android:name="android.permission.FOREGROUND_SERVICE" />
15-->[com.squareup.leakcanary:leakcanary-android-core:2.2] AndroidManifest.xml:26:5-77
15-->[com.squareup.leakcanary:leakcanary-android-core:2.2] AndroidManifest.xml:26:22-74
16    <uses-permission android:name="android.permission.WAKE_LOCK" />
16-->[com.google.android.gms:play-services-measurement:17.2.2] AndroidManifest.xml:25:5-68
16-->[com.google.android.gms:play-services-measurement:17.2.2] AndroidManifest.xml:25:22-65
17    <uses-permission android:name="com.google.android.finsky.permission.BIND_GET_INSTALL_REFERRER_SERVICE" /> <!-- Required by older versions of Google Play services to create IID tokens -->
17-->[com.google.android.gms:play-services-measurement:17.2.2] AndroidManifest.xml:26:5-110
17-->[com.google.android.gms:play-services-measurement:17.2.2] AndroidManifest.xml:26:22-107
18    <uses-permission android:name="com.google.android.c2dm.permission.RECEIVE" />
18-->[com.google.firebase:firebase-iid:20.0.2] AndroidManifest.xml:26:5-82
18-->[com.google.firebase:firebase-iid:20.0.2] AndroidManifest.xml:26:22-79
19
20    <application
20-->src/main/AndroidManifest.xml:8:5-57:19
21        android:allowBackup="true"
21-->src/main/AndroidManifest.xml:10:9-35
22        android:appComponentFactory="androidx.core.app.CoreComponentFactory"
22-->[androidx.core:core:1.3.0-alpha01] AndroidManifest.xml:24:18-86
23        android:debuggable="true"
24        android:icon="@mipmap/ic_launcher"
24-->src/main/AndroidManifest.xml:11:9-43
25        android:label="@string/app_name"
25-->src/main/AndroidManifest.xml:12:9-41
26        android:roundIcon="@mipmap/ic_launcher_round"
26-->src/main/AndroidManifest.xml:13:9-54
27        android:supportsRtl="true"
27-->src/main/AndroidManifest.xml:14:9-35
28        android:theme="@style/AppTheme"
28-->src/main/AndroidManifest.xml:15:9-40
29        android:usesCleartextTraffic="true" >
29-->src/main/AndroidManifest.xml:17:9-44
30        <activity android:name="com.pupulputulapps.oriyanewspaper.AboutActivity" />
30-->src/main/AndroidManifest.xml:20:9-83
30-->src/main/AndroidManifest.xml:20:19-81
31        <activity
31-->src/main/AndroidManifest.xml:21:9-23:46
32            android:name="com.pupulputulapps.oriyanewspaper.NewsAdvancedWebViewActivity"
32-->src/main/AndroidManifest.xml:22:13-89
33            android:launchMode="singleTop" />
33-->src/main/AndroidManifest.xml:23:13-43
34        <activity
34-->src/main/AndroidManifest.xml:24:9-27:46
35            android:name="com.pupulputulapps.oriyanewspaper.VideoPlayerActivity"
35-->src/main/AndroidManifest.xml:25:13-81
36            android:configChanges="keyboardHidden|orientation|screenSize"
36-->src/main/AndroidManifest.xml:26:13-74
37            android:launchMode="singleTop" />
37-->src/main/AndroidManifest.xml:27:13-43
38        <activity
38-->src/main/AndroidManifest.xml:28:9-43:20
39            android:name="com.pupulputulapps.oriyanewspaper.MainActivity"
39-->src/main/AndroidManifest.xml:29:13-74
40            android:label="@string/app_name"
40-->src/main/AndroidManifest.xml:30:13-45
41            android:launchMode="singleTop"
41-->src/main/AndroidManifest.xml:31:13-43
42            android:theme="@style/splashScreenTheme" >
42-->src/main/AndroidManifest.xml:32:13-53
43            <intent-filter>
43-->src/main/AndroidManifest.xml:33:13-38:29
44                <action android:name="android.intent.action.MAIN" />
44-->src/main/AndroidManifest.xml:34:17-69
44-->src/main/AndroidManifest.xml:34:25-66
45
46                <category android:name="android.intent.category.LAUNCHER" />
46-->src/main/AndroidManifest.xml:35:17-77
46-->src/main/AndroidManifest.xml:35:27-74
47
48                <action android:name="android.intent.action.SEARCH" />
48-->src/main/AndroidManifest.xml:36:17-71
48-->src/main/AndroidManifest.xml:36:25-68
49            </intent-filter>
50
51            <meta-data
51-->src/main/AndroidManifest.xml:40:13-41:53
52                android:name="android.app.searchable"
52-->src/main/AndroidManifest.xml:40:24-61
53                android:resource="@xml/searchable" />
53-->src/main/AndroidManifest.xml:41:17-51
54        </activity>
55
56        <service android:name="com.pupulputulapps.oriyanewspaper.service.FireMsgService" >
56-->src/main/AndroidManifest.xml:45:9-49:19
56-->src/main/AndroidManifest.xml:45:18-56
57            <intent-filter>
57-->src/main/AndroidManifest.xml:46:13-48:29
58                <action android:name="com.google.firebase.MESSAGING_EVENT" />
58-->src/main/AndroidManifest.xml:47:17-78
58-->src/main/AndroidManifest.xml:47:25-75
59            </intent-filter>
60        </service>
61
62        <meta-data
62-->src/main/AndroidManifest.xml:51:9-53:54
63            android:name="com.google.firebase.messaging.default_notification_icon"
63-->src/main/AndroidManifest.xml:52:13-83
64            android:resource="@mipmap/ic_launcher" />
64-->src/main/AndroidManifest.xml:53:13-51
65        <meta-data
65-->src/main/AndroidManifest.xml:54:9-56:54
66            android:name="com.google.firebase.messaging.default_notification_color"
66-->src/main/AndroidManifest.xml:55:13-84
67            android:resource="@color/colorPrimary" />
67-->src/main/AndroidManifest.xml:56:13-51
68
69        <service
69-->[com.squareup.leakcanary:leakcanary-android:2.2] AndroidManifest.xml:23:9-25:40
70            android:name="leakcanary.internal.HeapAnalyzerService"
70-->[com.squareup.leakcanary:leakcanary-android:2.2] AndroidManifest.xml:24:13-67
71            android:exported="false" />
71-->[com.squareup.leakcanary:leakcanary-android:2.2] AndroidManifest.xml:25:13-37
72        <!--
73             FirebaseMessagingService performs security checks at runtime,
74             but set to not exported to explicitly avoid allowing another app to call it.
75        -->
76        <service
76-->[com.google.firebase:firebase-messaging:20.1.0] AndroidManifest.xml:28:9-34:19
77            android:name="com.google.firebase.messaging.FirebaseMessagingService"
77-->[com.google.firebase:firebase-messaging:20.1.0] AndroidManifest.xml:29:13-82
78            android:exported="false" >
78-->[com.google.firebase:firebase-messaging:20.1.0] AndroidManifest.xml:30:13-37
79            <intent-filter android:priority="-500" >
79-->src/main/AndroidManifest.xml:46:13-48:29
80                <action android:name="com.google.firebase.MESSAGING_EVENT" />
80-->src/main/AndroidManifest.xml:47:17-78
80-->src/main/AndroidManifest.xml:47:25-75
81            </intent-filter>
82        </service>
83        <service
83-->[com.google.firebase:firebase-messaging:20.1.0] AndroidManifest.xml:35:9-41:19
84            android:name="com.google.firebase.components.ComponentDiscoveryService"
84-->[com.google.firebase:firebase-messaging:20.1.0] AndroidManifest.xml:36:13-84
85            android:directBootAware="true"
85-->[com.google.firebase:firebase-common:19.3.0] AndroidManifest.xml:34:13-43
86            android:exported="false" >
86-->[com.google.firebase:firebase-messaging:20.1.0] AndroidManifest.xml:37:13-37
87            <meta-data
87-->[com.google.firebase:firebase-messaging:20.1.0] AndroidManifest.xml:38:13-40:85
88                android:name="com.google.firebase.components:com.google.firebase.messaging.FirebaseMessagingRegistrar"
88-->[com.google.firebase:firebase-messaging:20.1.0] AndroidManifest.xml:39:17-119
89                android:value="com.google.firebase.components.ComponentRegistrar" />
89-->[com.google.firebase:firebase-messaging:20.1.0] AndroidManifest.xml:40:17-82
90            <meta-data
90-->[com.google.android.gms:play-services-measurement-api:17.2.2] AndroidManifest.xml:30:13-32:85
91                android:name="com.google.firebase.components:com.google.firebase.analytics.connector.internal.AnalyticsConnectorRegistrar"
91-->[com.google.android.gms:play-services-measurement-api:17.2.2] AndroidManifest.xml:31:17-139
92                android:value="com.google.firebase.components.ComponentRegistrar" />
92-->[com.google.android.gms:play-services-measurement-api:17.2.2] AndroidManifest.xml:32:17-82
93            <meta-data
93-->[com.google.firebase:firebase-datatransport:17.0.3] AndroidManifest.xml:28:13-30:85
94                android:name="com.google.firebase.components:com.google.firebase.datatransport.TransportRegistrar"
94-->[com.google.firebase:firebase-datatransport:17.0.3] AndroidManifest.xml:29:17-115
95                android:value="com.google.firebase.components.ComponentRegistrar" />
95-->[com.google.firebase:firebase-datatransport:17.0.3] AndroidManifest.xml:30:17-82
96            <meta-data
96-->[com.google.firebase:firebase-iid:20.0.2] AndroidManifest.xml:32:13-34:85
97                android:name="com.google.firebase.components:com.google.firebase.iid.Registrar"
97-->[com.google.firebase:firebase-iid:20.0.2] AndroidManifest.xml:33:17-96
98                android:value="com.google.firebase.components.ComponentRegistrar" />
98-->[com.google.firebase:firebase-iid:20.0.2] AndroidManifest.xml:34:17-82
99        </service>
100
101        <provider
101-->[com.squareup.picasso:picasso:2.71828] AndroidManifest.xml:8:9-11:40
102            android:name="com.squareup.picasso.PicassoProvider"
102-->[com.squareup.picasso:picasso:2.71828] AndroidManifest.xml:9:13-64
103            android:authorities="com.pupulputulapps.oriyanewspaper.com.squareup.picasso"
103-->[com.squareup.picasso:picasso:2.71828] AndroidManifest.xml:10:13-72
104            android:exported="false" />
104-->[com.squareup.picasso:picasso:2.71828] AndroidManifest.xml:11:13-37
105
106        <activity
106-->[com.facebook.android:audience-network-sdk:5.6.1] AndroidManifest.xml:15:9-19:75
107            android:name="com.facebook.ads.AudienceNetworkActivity"
107-->[com.facebook.android:audience-network-sdk:5.6.1] AndroidManifest.xml:16:13-68
108            android:configChanges="keyboardHidden|orientation|screenSize"
108-->[com.facebook.android:audience-network-sdk:5.6.1] AndroidManifest.xml:17:13-74
109            android:exported="false"
109-->[com.facebook.android:audience-network-sdk:5.6.1] AndroidManifest.xml:18:13-37
110            android:theme="@android:style/Theme.Translucent.NoTitleBar" />
110-->[com.facebook.android:audience-network-sdk:5.6.1] AndroidManifest.xml:19:13-72
111        <activity
111-->[com.facebook.android:audience-network-sdk:5.6.1] AndroidManifest.xml:20:9-25:75
112            android:name="com.facebook.ads.internal.ipc.RemoteANActivity"
112-->[com.facebook.android:audience-network-sdk:5.6.1] AndroidManifest.xml:21:13-74
113            android:configChanges="keyboardHidden|orientation|screenSize"
113-->[com.facebook.android:audience-network-sdk:5.6.1] AndroidManifest.xml:22:13-74
114            android:exported="false"
114-->[com.facebook.android:audience-network-sdk:5.6.1] AndroidManifest.xml:23:13-37
115            android:process=":adnw"
115-->[com.facebook.android:audience-network-sdk:5.6.1] AndroidManifest.xml:24:13-36
116            android:theme="@android:style/Theme.Translucent.NoTitleBar" />
116-->[com.facebook.android:audience-network-sdk:5.6.1] AndroidManifest.xml:25:13-72
117
118        <service
118-->[com.facebook.android:audience-network-sdk:5.6.1] AndroidManifest.xml:27:9-29:40
119            android:name="com.facebook.ads.internal.ipc.AdsProcessPriorityService"
119-->[com.facebook.android:audience-network-sdk:5.6.1] AndroidManifest.xml:28:13-83
120            android:exported="false" />
120-->[com.facebook.android:audience-network-sdk:5.6.1] AndroidManifest.xml:29:13-37
121        <service
121-->[com.facebook.android:audience-network-sdk:5.6.1] AndroidManifest.xml:30:9-33:39
122            android:name="com.facebook.ads.internal.ipc.AdsMessengerService"
122-->[com.facebook.android:audience-network-sdk:5.6.1] AndroidManifest.xml:31:13-77
123            android:exported="false"
123-->[com.facebook.android:audience-network-sdk:5.6.1] AndroidManifest.xml:32:13-37
124            android:process=":adnw" />
124-->[com.facebook.android:audience-network-sdk:5.6.1] AndroidManifest.xml:33:13-36
125
126        <provider
126-->[com.facebook.android:audience-network-sdk:5.6.1] AndroidManifest.xml:35:9-38:40
127            android:name="com.facebook.ads.AudienceNetworkContentProvider"
127-->[com.facebook.android:audience-network-sdk:5.6.1] AndroidManifest.xml:36:13-75
128            android:authorities="com.pupulputulapps.oriyanewspaper.AudienceNetworkContentProvider"
128-->[com.facebook.android:audience-network-sdk:5.6.1] AndroidManifest.xml:37:13-82
129            android:exported="false" />
129-->[com.facebook.android:audience-network-sdk:5.6.1] AndroidManifest.xml:38:13-37
130        <provider
130-->[com.squareup.leakcanary:leakcanary-android-core:2.2] AndroidManifest.xml:29:9-37:20
131            android:name="leakcanary.internal.LeakCanaryFileProvider"
131-->[com.squareup.leakcanary:leakcanary-android-core:2.2] AndroidManifest.xml:30:13-70
132            android:authorities="com.squareup.leakcanary.fileprovider.com.pupulputulapps.oriyanewspaper"
132-->[com.squareup.leakcanary:leakcanary-android-core:2.2] AndroidManifest.xml:31:13-88
133            android:exported="false"
133-->[com.squareup.leakcanary:leakcanary-android-core:2.2] AndroidManifest.xml:32:13-37
134            android:grantUriPermissions="true" >
134-->[com.squareup.leakcanary:leakcanary-android-core:2.2] AndroidManifest.xml:33:13-47
135            <meta-data
135-->[com.squareup.leakcanary:leakcanary-android-core:2.2] AndroidManifest.xml:34:13-36:66
136                android:name="android.support.FILE_PROVIDER_PATHS"
136-->[com.squareup.leakcanary:leakcanary-android-core:2.2] AndroidManifest.xml:35:17-67
137                android:resource="@xml/leak_canary_file_paths" />
137-->[com.squareup.leakcanary:leakcanary-android-core:2.2] AndroidManifest.xml:36:17-63
138        </provider>
139
140        <activity
140-->[com.squareup.leakcanary:leakcanary-android-core:2.2] AndroidManifest.xml:39:9-44:66
141            android:name="leakcanary.internal.activity.LeakActivity"
141-->[com.squareup.leakcanary:leakcanary-android-core:2.2] AndroidManifest.xml:40:13-69
142            android:icon="@mipmap/leak_canary_icon"
142-->[com.squareup.leakcanary:leakcanary-android-core:2.2] AndroidManifest.xml:41:13-52
143            android:label="@string/leak_canary_display_activity_label"
143-->[com.squareup.leakcanary:leakcanary-android-core:2.2] AndroidManifest.xml:42:13-71
144            android:taskAffinity="com.squareup.leakcanary.com.pupulputulapps.oriyanewspaper"
144-->[com.squareup.leakcanary:leakcanary-android-core:2.2] AndroidManifest.xml:43:13-76
145            android:theme="@style/leak_canary_LeakCanary.Base" />
145-->[com.squareup.leakcanary:leakcanary-android-core:2.2] AndroidManifest.xml:44:13-63
146
147        <activity-alias
147-->[com.squareup.leakcanary:leakcanary-android-core:2.2] AndroidManifest.xml:46:9-62:26
148            android:name="leakcanary.internal.activity.LeakLauncherActivity"
148-->[com.squareup.leakcanary:leakcanary-android-core:2.2] AndroidManifest.xml:47:13-77
149            android:banner="@drawable/leak_canary_tv_icon"
149-->[com.squareup.leakcanary:leakcanary-android-core:2.2] AndroidManifest.xml:48:13-59
150            android:enabled="@bool/leak_canary_add_launcher_icon"
150-->[com.squareup.leakcanary:leakcanary-android-core:2.2] AndroidManifest.xml:49:13-66
151            android:icon="@mipmap/leak_canary_icon"
151-->[com.squareup.leakcanary:leakcanary-android-core:2.2] AndroidManifest.xml:50:13-52
152            android:label="@string/leak_canary_display_activity_label"
152-->[com.squareup.leakcanary:leakcanary-android-core:2.2] AndroidManifest.xml:51:13-71
153            android:targetActivity="leakcanary.internal.activity.LeakActivity"
153-->[com.squareup.leakcanary:leakcanary-android-core:2.2] AndroidManifest.xml:52:13-79
154            android:taskAffinity="com.squareup.leakcanary.com.pupulputulapps.oriyanewspaper"
154-->[com.squareup.leakcanary:leakcanary-android-core:2.2] AndroidManifest.xml:53:13-76
155            android:theme="@style/leak_canary_LeakCanary.Base" >
155-->[com.squareup.leakcanary:leakcanary-android-core:2.2] AndroidManifest.xml:54:13-63
156            <intent-filter>
156-->[com.squareup.leakcanary:leakcanary-android-core:2.2] AndroidManifest.xml:55:13-61:29
157                <action android:name="android.intent.action.MAIN" />
157-->src/main/AndroidManifest.xml:34:17-69
157-->src/main/AndroidManifest.xml:34:25-66
158
159                <category android:name="android.intent.category.LAUNCHER" />
159-->src/main/AndroidManifest.xml:35:17-77
159-->src/main/AndroidManifest.xml:35:27-74
160                <!-- Android TV launcher intent -->
161                <category android:name="android.intent.category.LEANBACK_LAUNCHER" />
161-->[com.squareup.leakcanary:leakcanary-android-core:2.2] AndroidManifest.xml:60:17-86
161-->[com.squareup.leakcanary:leakcanary-android-core:2.2] AndroidManifest.xml:60:27-83
162            </intent-filter>
163        </activity-alias>
164
165        <activity
165-->[com.squareup.leakcanary:leakcanary-android-core:2.2] AndroidManifest.xml:64:9-70:68
166            android:name="leakcanary.internal.RequestStoragePermissionActivity"
166-->[com.squareup.leakcanary:leakcanary-android-core:2.2] AndroidManifest.xml:65:13-80
167            android:excludeFromRecents="true"
167-->[com.squareup.leakcanary:leakcanary-android-core:2.2] AndroidManifest.xml:66:13-46
168            android:icon="@mipmap/leak_canary_icon"
168-->[com.squareup.leakcanary:leakcanary-android-core:2.2] AndroidManifest.xml:67:13-52
169            android:label="@string/leak_canary_storage_permission_activity_label"
169-->[com.squareup.leakcanary:leakcanary-android-core:2.2] AndroidManifest.xml:68:13-82
170            android:taskAffinity="com.squareup.leakcanary.com.pupulputulapps.oriyanewspaper"
170-->[com.squareup.leakcanary:leakcanary-android-core:2.2] AndroidManifest.xml:69:13-76
171            android:theme="@style/leak_canary_Theme.Transparent" />
171-->[com.squareup.leakcanary:leakcanary-android-core:2.2] AndroidManifest.xml:70:13-65
172
173        <receiver android:name="leakcanary.internal.NotificationReceiver" />
173-->[com.squareup.leakcanary:leakcanary-android-core:2.2] AndroidManifest.xml:72:9-77
173-->[com.squareup.leakcanary:leakcanary-android-core:2.2] AndroidManifest.xml:72:19-74
174
175        <provider
175-->[com.squareup.leakcanary:leakcanary-object-watcher-android:2.2] AndroidManifest.xml:8:9-11:40
176            android:name="leakcanary.internal.AppWatcherInstaller$MainProcess"
176-->[com.squareup.leakcanary:leakcanary-object-watcher-android:2.2] AndroidManifest.xml:9:13-79
177            android:authorities="com.pupulputulapps.oriyanewspaper.leakcanary-installer"
177-->[com.squareup.leakcanary:leakcanary-object-watcher-android:2.2] AndroidManifest.xml:10:13-72
178            android:exported="false" />
178-->[com.squareup.leakcanary:leakcanary-object-watcher-android:2.2] AndroidManifest.xml:11:13-37
179
180        <receiver
180-->[com.google.android.gms:play-services-measurement:17.2.2] AndroidManifest.xml:29:9-33:20
181            android:name="com.google.android.gms.measurement.AppMeasurementReceiver"
181-->[com.google.android.gms:play-services-measurement:17.2.2] AndroidManifest.xml:30:13-85
182            android:enabled="true"
182-->[com.google.android.gms:play-services-measurement:17.2.2] AndroidManifest.xml:31:13-35
183            android:exported="false" >
183-->[com.google.android.gms:play-services-measurement:17.2.2] AndroidManifest.xml:32:13-37
184        </receiver>
185        <receiver
185-->[com.google.android.gms:play-services-measurement:17.2.2] AndroidManifest.xml:34:9-42:20
186            android:name="com.google.android.gms.measurement.AppMeasurementInstallReferrerReceiver"
186-->[com.google.android.gms:play-services-measurement:17.2.2] AndroidManifest.xml:35:13-100
187            android:enabled="true"
187-->[com.google.android.gms:play-services-measurement:17.2.2] AndroidManifest.xml:36:13-35
188            android:exported="true"
188-->[com.google.android.gms:play-services-measurement:17.2.2] AndroidManifest.xml:37:13-36
189            android:permission="android.permission.INSTALL_PACKAGES" >
189-->[com.google.android.gms:play-services-measurement:17.2.2] AndroidManifest.xml:38:13-69
190            <intent-filter>
190-->[com.google.android.gms:play-services-measurement:17.2.2] AndroidManifest.xml:39:13-41:29
191                <action android:name="com.android.vending.INSTALL_REFERRER" />
191-->[com.google.android.gms:play-services-measurement:17.2.2] AndroidManifest.xml:40:17-79
191-->[com.google.android.gms:play-services-measurement:17.2.2] AndroidManifest.xml:40:25-76
192            </intent-filter>
193        </receiver>
194
195        <service
195-->[com.google.android.gms:play-services-measurement:17.2.2] AndroidManifest.xml:44:9-47:40
196            android:name="com.google.android.gms.measurement.AppMeasurementService"
196-->[com.google.android.gms:play-services-measurement:17.2.2] AndroidManifest.xml:45:13-84
197            android:enabled="true"
197-->[com.google.android.gms:play-services-measurement:17.2.2] AndroidManifest.xml:46:13-35
198            android:exported="false" />
198-->[com.google.android.gms:play-services-measurement:17.2.2] AndroidManifest.xml:47:13-37
199        <service
199-->[com.google.android.gms:play-services-measurement:17.2.2] AndroidManifest.xml:48:9-52:72
200            android:name="com.google.android.gms.measurement.AppMeasurementJobService"
200-->[com.google.android.gms:play-services-measurement:17.2.2] AndroidManifest.xml:49:13-87
201            android:enabled="true"
201-->[com.google.android.gms:play-services-measurement:17.2.2] AndroidManifest.xml:50:13-35
202            android:exported="false"
202-->[com.google.android.gms:play-services-measurement:17.2.2] AndroidManifest.xml:51:13-37
203            android:permission="android.permission.BIND_JOB_SERVICE" />
203-->[com.google.android.gms:play-services-measurement:17.2.2] AndroidManifest.xml:52:13-69
204
205        <receiver
205-->[com.google.firebase:firebase-iid:20.0.2] AndroidManifest.xml:37:9-44:20
206            android:name="com.google.firebase.iid.FirebaseInstanceIdReceiver"
206-->[com.google.firebase:firebase-iid:20.0.2] AndroidManifest.xml:38:13-78
207            android:exported="true"
207-->[com.google.firebase:firebase-iid:20.0.2] AndroidManifest.xml:39:13-36
208            android:permission="com.google.android.c2dm.permission.SEND" >
208-->[com.google.firebase:firebase-iid:20.0.2] AndroidManifest.xml:40:13-73
209            <intent-filter>
209-->[com.google.firebase:firebase-iid:20.0.2] AndroidManifest.xml:41:13-43:29
210                <action android:name="com.google.android.c2dm.intent.RECEIVE" />
210-->[com.google.firebase:firebase-iid:20.0.2] AndroidManifest.xml:42:17-81
210-->[com.google.firebase:firebase-iid:20.0.2] AndroidManifest.xml:42:25-78
211            </intent-filter>
212        </receiver>
213
214        <provider
214-->[com.google.firebase:firebase-common:19.3.0] AndroidManifest.xml:26:9-30:39
215            android:name="com.google.firebase.provider.FirebaseInitProvider"
215-->[com.google.firebase:firebase-common:19.3.0] AndroidManifest.xml:27:13-77
216            android:authorities="com.pupulputulapps.oriyanewspaper.firebaseinitprovider"
216-->[com.google.firebase:firebase-common:19.3.0] AndroidManifest.xml:28:13-72
217            android:exported="false"
217-->[com.google.firebase:firebase-common:19.3.0] AndroidManifest.xml:29:13-37
218            android:initOrder="100" />
218-->[com.google.firebase:firebase-common:19.3.0] AndroidManifest.xml:30:13-36
219
220        <activity
220-->[com.google.android.gms:play-services-base:17.0.0] AndroidManifest.xml:23:9-26:75
221            android:name="com.google.android.gms.common.api.GoogleApiActivity"
221-->[com.google.android.gms:play-services-base:17.0.0] AndroidManifest.xml:24:13-79
222            android:exported="false"
222-->[com.google.android.gms:play-services-base:17.0.0] AndroidManifest.xml:25:13-37
223            android:theme="@android:style/Theme.Translucent.NoTitleBar" />
223-->[com.google.android.gms:play-services-base:17.0.0] AndroidManifest.xml:26:13-72
224
225        <meta-data
225-->[com.google.android.gms:play-services-basement:17.0.0] AndroidManifest.xml:23:9-25:69
226            android:name="com.google.android.gms.version"
226-->[com.google.android.gms:play-services-basement:17.0.0] AndroidManifest.xml:24:13-58
227            android:value="@integer/google_play_services_version" />
227-->[com.google.android.gms:play-services-basement:17.0.0] AndroidManifest.xml:25:13-66
228
229        <provider
229-->[androidx.lifecycle:lifecycle-process:2.2.0] AndroidManifest.xml:25:9-29:43
230            android:name="androidx.lifecycle.ProcessLifecycleOwnerInitializer"
230-->[androidx.lifecycle:lifecycle-process:2.2.0] AndroidManifest.xml:26:13-79
231            android:authorities="com.pupulputulapps.oriyanewspaper.lifecycle-process"
231-->[androidx.lifecycle:lifecycle-process:2.2.0] AndroidManifest.xml:27:13-69
232            android:exported="false"
232-->[androidx.lifecycle:lifecycle-process:2.2.0] AndroidManifest.xml:28:13-37
233            android:multiprocess="true" />
233-->[androidx.lifecycle:lifecycle-process:2.2.0] AndroidManifest.xml:29:13-40
234
235        <service
235-->[com.google.android.datatransport:transport-backend-cct:2.2.0] AndroidManifest.xml:29:9-35:19
236            android:name="com.google.android.datatransport.runtime.backends.TransportBackendDiscovery"
236-->[com.google.android.datatransport:transport-backend-cct:2.2.0] AndroidManifest.xml:30:13-103
237            android:exported="false" >
237-->[com.google.android.datatransport:transport-backend-cct:2.2.0] AndroidManifest.xml:31:13-37
238            <meta-data
238-->[com.google.android.datatransport:transport-backend-cct:2.2.0] AndroidManifest.xml:32:13-34:39
239                android:name="backend:com.google.android.datatransport.cct.CctBackendFactory"
239-->[com.google.android.datatransport:transport-backend-cct:2.2.0] AndroidManifest.xml:33:17-94
240                android:value="cct" />
240-->[com.google.android.datatransport:transport-backend-cct:2.2.0] AndroidManifest.xml:34:17-36
241        </service>
242        <service
242-->[com.google.android.datatransport:transport-runtime:2.2.0] AndroidManifest.xml:26:9-30:19
243            android:name="com.google.android.datatransport.runtime.scheduling.jobscheduling.JobInfoSchedulerService"
243-->[com.google.android.datatransport:transport-runtime:2.2.0] AndroidManifest.xml:27:13-117
244            android:exported="false"
244-->[com.google.android.datatransport:transport-runtime:2.2.0] AndroidManifest.xml:28:13-37
245            android:permission="android.permission.BIND_JOB_SERVICE" >
245-->[com.google.android.datatransport:transport-runtime:2.2.0] AndroidManifest.xml:29:13-69
246        </service>
247
248        <receiver
248-->[com.google.android.datatransport:transport-runtime:2.2.0] AndroidManifest.xml:32:9-34:40
249            android:name="com.google.android.datatransport.runtime.scheduling.jobscheduling.AlarmManagerSchedulerBroadcastReceiver"
249-->[com.google.android.datatransport:transport-runtime:2.2.0] AndroidManifest.xml:33:13-132
250            android:exported="false" />
250-->[com.google.android.datatransport:transport-runtime:2.2.0] AndroidManifest.xml:34:13-37
251    </application>
252
253</manifest>